<?xml version="1.0" encoding="UTF-8"?>
<!-- Generated by org.testng.reporters.JUnitReportReporter -->
<testsuite hostname="LAPTOP-8N6FEN18" failures="0" tests="1" name="com.testscenarios.fgagadg" time="0.074" errors="0" timestamp="2021-12-23T08:44:36 IST" skipped="0">
  <testcase classname="com.testscenarios.fgagadg" name="test" time="0.074"/>
  <system-out/>
</testsuite> <!-- com.testscenarios.fgagadg -->
