<?xml version="1.0" encoding="UTF-8"?>
<!-- Generated by org.testng.reporters.JUnitReportReporter -->
<testsuite hostname="LAPTOP-8N6FEN18" failures="0" tests="1" name="com.testscenarios.SeleniumDataBaseTesting" time="0.140" errors="0" timestamp="2021-12-23T08:20:25 IST" skipped="0">
  <testcase classname="com.testscenarios.SeleniumDataBaseTesting" name="getEmployeesFromDataBase" time="0.140"/>
  <system-out/>
</testsuite> <!-- com.testscenarios.SeleniumDataBaseTesting -->
